<?xml version="1.0" encoding="UTF-8"?>
<!-- Generated by org.testng.reporters.JUnitReportReporter -->
<testsuite hostname="DESKTOP-QU51HI3" name="com.comcast.CRUDPractice.CreateProject" tests="1" failures="0" timestamp="31 May 2021 10:14:12 GMT" time="10.005" errors="0">
  <testcase name="createProjectTest" time="10.005" classname="com.comcast.CRUDPractice.CreateProject"/>
</testsuite> <!-- com.comcast.CRUDPractice.CreateProject -->
