<?xml version="1.0" encoding="UTF-8"?>
<!-- Generated by org.testng.reporters.JUnitReportReporter -->
<testsuite hostname="DESKTOP-QU51HI3" name="com.comcast.ParametersAuthentication.QueryParameter" tests="1" failures="0" timestamp="27 May 2021 06:46:01 GMT" time="3.740" errors="0">
  <testcase name="queryPrameterTest" time="3.740" classname="com.comcast.ParametersAuthentication.QueryParameter"/>
</testsuite> <!-- com.comcast.ParametersAuthentication.QueryParameter -->
